14:45:12.884 skipping bootstrap configuration: could not find or read file: classpath:karate-config.js
14:45:13.348 request:
1 > POST https://k2239a4fv6.execute-api.us-east-1.amazonaws.com/dev/notifications
1 > Accept-Encoding: gzip,deflate
1 > Connection: Keep-Alive
1 > Content-Length: 2
1 > Content-Type: application/json; charset=UTF-8
1 > Host: k2239a4fv6.execute-api.us-east-1.amazonaws.com
1 > User-Agent: Apache-HttpClient/4.5.5 (Java/1.8.0_201)
{}

14:45:14.559 response time in milliseconds: 1210,33
1 < 400
1 < Connection: keep-alive
1 < Content-Length: 189
1 < Content-Type: application/json
1 < Date: Tue, 09 Apr 2019 17:45:16 GMT
1 < Server: Server
1 < X-Amzn-Trace-Id: Root=1-5cacda2b-7020260d0dcea0d159b95f03;Sampled=0
1 < x-amz-apigw-id: X4cG2E2TIAMFRqQ=
1 < x-amzn-RequestId: 3bcc031c-5aef-11e9-a920-07f7128ef784
Validation errors: - field url should not be empty or null - field body should not be empty or null - field eventType should not be empty or null - field headers should not be empty or null

